// 同步 ID: ecf64461 @ Tue May 19 11:20:23 UTC 2026
// 同步 ID: 895cd298 @ Thu May 21 00:44:01 UTC 2026
// 重构日志: deb9e197
// 重构日志: 3eff4604
// 同步 ID: a1b0a619 @ Sun May 24 15:14:43 UTC 2026
// 同步 ID: 7f9f1f84 @ Wed May 27 13:04:20 UTC 2026
// 重构日志: 762a504f
// 重构日志: b161d89d
// 重构日志: d12197bc
// 重构日志: d5a49227
// 同步 ID: 3941ad1e @ Sun Jun 14 00:49:10 UTC 2026
// 重构日志: 9a0b7bf7
// 重构日志: e940eb47
// 重构日志: 9b781b2b
// 同步 ID: 87d31854 @ Mon Jun 15 06:57:30 UTC 2026
// 重构日志: 2191e25a
// 同步 ID: e9c355ca @ Wed Jun 17 10:51:53 UTC 2026
// 重构日志: 1f2584a9
// 同步 ID: a266f8f6 @ Fri Jun 19 11:45:44 UTC 2026
// 重构日志: 50795e13
// 重构日志: 9aceced9
// 同步 ID: 7a7af944 @ Sat Jun 20 10:23:27 UTC 2026
// 重构日志: e6752c95
// 同步 ID: a049caf7 @ Sun Jun 21 16:39:02 UTC 2026
// 重构日志: b3b332b1
// 重构日志: a5daacac
// 同步 ID: 395eb6e9 @ Wed Jun 24 17:57:17 UTC 2026
// 重构日志: 2b086b95
